
*** Running vivado
    with args -log cpu.vds -m64 -product Vivado -mode batch -messageDb vivado.pb -notrace -source cpu.tcl


****** Vivado v2017.4 (64-bit)
  **** SW Build 2086221 on Fri Dec 15 20:55:39 MST 2017
  **** IP Build 2085800 on Fri Dec 15 22:25:07 MST 2017
    ** Copyright 1986-2017 Xilinx, Inc. All Rights Reserved.

source cpu.tcl -notrace
Command: synth_design -top cpu -part xc7a100tfgg484-1
Starting synth_design
Attempting to get a license for feature 'Synthesis' and/or device 'xc7a100t'
INFO: [Common 17-349] Got license for feature 'Synthesis' and/or device 'xc7a100t'
INFO: Launching helper process for spawning children vivado processes
INFO: Helper process launched with PID 10456 
---------------------------------------------------------------------------------
Starting RTL Elaboration : Time (s): cpu = 00:00:04 ; elapsed = 00:00:04 . Memory (MB): peak = 403.613 ; gain = 101.211
---------------------------------------------------------------------------------
INFO: [Synth 8-638] synthesizing module 'cpu' [C:/Users/10201/Downloads/CPU-project-of-Computer-Organization-main/project_2/project_2.srcs/sources_1/new/cpu.v:23]
WARNING: [Synth 8-4446] all outputs are unconnected for this instance and logic may be removed [C:/Users/10201/Downloads/CPU-project-of-Computer-Organization-main/project_2/project_2.srcs/sources_1/new/cpu.v:33]
INFO: [Synth 8-638] synthesizing module 'clkout2' [C:/Users/10201/Downloads/CPU-project-of-Computer-Organization-main/project_2/project_2.srcs/sources_1/new/clkout2.v:23]
WARNING: [Synth 8-5788] Register cnt_reg in module clkout2 is has both Set and reset with same priority. This may cause simulation mismatches. Consider rewriting code  [C:/Users/10201/Downloads/CPU-project-of-Computer-Organization-main/project_2/project_2.srcs/sources_1/new/clkout2.v:33]
WARNING: [Synth 8-5788] Register clkout_reg in module clkout2 is has both Set and reset with same priority. This may cause simulation mismatches. Consider rewriting code  [C:/Users/10201/Downloads/CPU-project-of-Computer-Organization-main/project_2/project_2.srcs/sources_1/new/clkout2.v:34]
INFO: [Synth 8-256] done synthesizing module 'clkout2' (1#1) [C:/Users/10201/Downloads/CPU-project-of-Computer-Organization-main/project_2/project_2.srcs/sources_1/new/clkout2.v:23]
WARNING: [Synth 8-350] instance 'change' of module 'clkout2' requires 3 connections, but only 2 given [C:/Users/10201/Downloads/CPU-project-of-Computer-Organization-main/project_2/project_2.srcs/sources_1/new/cpu.v:33]
INFO: [Synth 8-638] synthesizing module 'BUFG' [E:/xilinx/Vivado/2017.4/scripts/rt/data/unisim_comp.v:607]
INFO: [Synth 8-256] done synthesizing module 'BUFG' (2#1) [E:/xilinx/Vivado/2017.4/scripts/rt/data/unisim_comp.v:607]
INFO: [Synth 8-638] synthesizing module 'FracFrequency' [C:/Users/10201/Downloads/CPU-project-of-Computer-Organization-main/project_2/project_2.srcs/sources_1/new/FracFrequency.v:2]
INFO: [Synth 8-256] done synthesizing module 'FracFrequency' (3#1) [C:/Users/10201/Downloads/CPU-project-of-Computer-Organization-main/project_2/project_2.srcs/sources_1/new/FracFrequency.v:2]
INFO: [Synth 8-638] synthesizing module 'uart_bmpg_0' [C:/Users/10201/Downloads/CPU-project-of-Computer-Organization-main/project_2/project_2.runs/synth_1/.Xil/Vivado-12964-LAPTOP-IGGFLKCP/realtime/uart_bmpg_0_stub.v:6]
INFO: [Synth 8-256] done synthesizing module 'uart_bmpg_0' (4#1) [C:/Users/10201/Downloads/CPU-project-of-Computer-Organization-main/project_2/project_2.runs/synth_1/.Xil/Vivado-12964-LAPTOP-IGGFLKCP/realtime/uart_bmpg_0_stub.v:6]
INFO: [Synth 8-638] synthesizing module 'Ifetc32' [C:/Users/10201/Downloads/CPU-project-of-Computer-Organization-main/project_2/project_2.srcs/sources_1/new/IFetch.v:23]
INFO: [Synth 8-638] synthesizing module 'prgrom' [C:/Users/10201/Downloads/CPU-project-of-Computer-Organization-main/project_2/project_2.runs/synth_1/.Xil/Vivado-12964-LAPTOP-IGGFLKCP/realtime/prgrom_stub.v:6]
INFO: [Synth 8-256] done synthesizing module 'prgrom' (5#1) [C:/Users/10201/Downloads/CPU-project-of-Computer-Organization-main/project_2/project_2.runs/synth_1/.Xil/Vivado-12964-LAPTOP-IGGFLKCP/realtime/prgrom_stub.v:6]
INFO: [Synth 8-256] done synthesizing module 'Ifetc32' (6#1) [C:/Users/10201/Downloads/CPU-project-of-Computer-Organization-main/project_2/project_2.srcs/sources_1/new/IFetch.v:23]
INFO: [Synth 8-638] synthesizing module 'Idecode32' [C:/Users/10201/Downloads/CPU-project-of-Computer-Organization-main/project_2/project_2.srcs/sources_1/new/idcoder32.v:23]
WARNING: [Synth 8-567] referenced signal 'Jal' should be on the sensitivity list [C:/Users/10201/Downloads/CPU-project-of-Computer-Organization-main/project_2/project_2.srcs/sources_1/new/idcoder32.v:45]
WARNING: [Synth 8-567] referenced signal 'RegDst' should be on the sensitivity list [C:/Users/10201/Downloads/CPU-project-of-Computer-Organization-main/project_2/project_2.srcs/sources_1/new/idcoder32.v:45]
INFO: [Synth 8-256] done synthesizing module 'Idecode32' (7#1) [C:/Users/10201/Downloads/CPU-project-of-Computer-Organization-main/project_2/project_2.srcs/sources_1/new/idcoder32.v:23]
INFO: [Synth 8-638] synthesizing module 'controller' [C:/Users/10201/Downloads/CPU-project-of-Computer-Organization-main/project_2/project_2.srcs/sources_1/new/controller.v:23]
INFO: [Synth 8-256] done synthesizing module 'controller' (8#1) [C:/Users/10201/Downloads/CPU-project-of-Computer-Organization-main/project_2/project_2.srcs/sources_1/new/controller.v:23]
INFO: [Synth 8-638] synthesizing module 'Executs32' [C:/Users/10201/Downloads/CPU-project-of-Computer-Organization-main/project_2/project_2.srcs/sources_1/new/Executs32.v:22]
INFO: [Synth 8-226] default block is never used [C:/Users/10201/Downloads/CPU-project-of-Computer-Organization-main/project_2/project_2.srcs/sources_1/new/Executs32.v:56]
INFO: [Synth 8-256] done synthesizing module 'Executs32' (9#1) [C:/Users/10201/Downloads/CPU-project-of-Computer-Organization-main/project_2/project_2.srcs/sources_1/new/Executs32.v:22]
INFO: [Synth 8-638] synthesizing module 'dmemory32' [C:/Users/10201/Downloads/CPU-project-of-Computer-Organization-main/project_2/project_2.srcs/sources_1/new/dmemory32.v:23]
INFO: [Synth 8-638] synthesizing module 'RAM' [C:/Users/10201/Downloads/CPU-project-of-Computer-Organization-main/project_2/project_2.runs/synth_1/.Xil/Vivado-12964-LAPTOP-IGGFLKCP/realtime/RAM_stub.v:6]
INFO: [Synth 8-256] done synthesizing module 'RAM' (10#1) [C:/Users/10201/Downloads/CPU-project-of-Computer-Organization-main/project_2/project_2.runs/synth_1/.Xil/Vivado-12964-LAPTOP-IGGFLKCP/realtime/RAM_stub.v:6]
INFO: [Synth 8-256] done synthesizing module 'dmemory32' (11#1) [C:/Users/10201/Downloads/CPU-project-of-Computer-Organization-main/project_2/project_2.srcs/sources_1/new/dmemory32.v:23]
WARNING: [Synth 8-689] width (1) of port connection 'upg_dat_i' does not match port width (32) of module 'dmemory32' [C:/Users/10201/Downloads/CPU-project-of-Computer-Organization-main/project_2/project_2.srcs/sources_1/new/cpu.v:192]
WARNING: [Synth 8-350] instance 'memory' of module 'dmemory32' requires 11 connections, but only 10 given [C:/Users/10201/Downloads/CPU-project-of-Computer-Organization-main/project_2/project_2.srcs/sources_1/new/cpu.v:185]
INFO: [Synth 8-638] synthesizing module 'MemOrIO' [C:/Users/10201/Downloads/CPU-project-of-Computer-Organization-main/project_2/project_2.srcs/sources_1/new/MemOrIO.v:23]
INFO: [Synth 8-256] done synthesizing module 'MemOrIO' (12#1) [C:/Users/10201/Downloads/CPU-project-of-Computer-Organization-main/project_2/project_2.srcs/sources_1/new/MemOrIO.v:23]
INFO: [Synth 8-638] synthesizing module 'ioInterface' [C:/Users/10201/Downloads/CPU-project-of-Computer-Organization-main/project_2/project_2.srcs/sources_1/new/ioInterface.v:4]
INFO: [Synth 8-256] done synthesizing module 'ioInterface' (13#1) [C:/Users/10201/Downloads/CPU-project-of-Computer-Organization-main/project_2/project_2.srcs/sources_1/new/ioInterface.v:4]
INFO: [Synth 8-638] synthesizing module 'LedIO' [C:/Users/10201/Downloads/CPU-project-of-Computer-Organization-main/project_2/project_2.srcs/sources_1/new/LedIO.v:4]
INFO: [Synth 8-256] done synthesizing module 'LedIO' (14#1) [C:/Users/10201/Downloads/CPU-project-of-Computer-Organization-main/project_2/project_2.srcs/sources_1/new/LedIO.v:4]
INFO: [Synth 8-638] synthesizing module 'SwitchIO' [C:/Users/10201/Downloads/CPU-project-of-Computer-Organization-main/project_2/project_2.srcs/sources_1/new/SwitchIO.v:4]
INFO: [Synth 8-256] done synthesizing module 'SwitchIO' (15#1) [C:/Users/10201/Downloads/CPU-project-of-Computer-Organization-main/project_2/project_2.srcs/sources_1/new/SwitchIO.v:4]
WARNING: [Synth 8-689] width (16) of port connection 'switchrdata' does not match port width (24) of module 'SwitchIO' [C:/Users/10201/Downloads/CPU-project-of-Computer-Organization-main/project_2/project_2.srcs/sources_1/new/cpu.v:241]
WARNING: [Synth 8-3848] Net upg_clk in module/entity cpu does not have driver. [C:/Users/10201/Downloads/CPU-project-of-Computer-Organization-main/project_2/project_2.srcs/sources_1/new/cpu.v:32]
WARNING: [Synth 8-3848] Net Read_data_1 in module/entity cpu does not have driver. [C:/Users/10201/Downloads/CPU-project-of-Computer-Organization-main/project_2/project_2.srcs/sources_1/new/cpu.v:64]
INFO: [Synth 8-256] done synthesizing module 'cpu' (16#1) [C:/Users/10201/Downloads/CPU-project-of-Computer-Organization-main/project_2/project_2.srcs/sources_1/new/cpu.v:23]
WARNING: [Synth 8-3331] design dmemory32 has unconnected port address[31]
WARNING: [Synth 8-3331] design dmemory32 has unconnected port address[30]
WARNING: [Synth 8-3331] design dmemory32 has unconnected port address[29]
WARNING: [Synth 8-3331] design dmemory32 has unconnected port address[28]
WARNING: [Synth 8-3331] design dmemory32 has unconnected port address[27]
WARNING: [Synth 8-3331] design dmemory32 has unconnected port address[26]
WARNING: [Synth 8-3331] design dmemory32 has unconnected port address[25]
WARNING: [Synth 8-3331] design dmemory32 has unconnected port address[24]
WARNING: [Synth 8-3331] design dmemory32 has unconnected port address[23]
WARNING: [Synth 8-3331] design dmemory32 has unconnected port address[22]
WARNING: [Synth 8-3331] design dmemory32 has unconnected port address[21]
WARNING: [Synth 8-3331] design dmemory32 has unconnected port address[20]
WARNING: [Synth 8-3331] design dmemory32 has unconnected port address[19]
WARNING: [Synth 8-3331] design dmemory32 has unconnected port address[18]
WARNING: [Synth 8-3331] design dmemory32 has unconnected port address[17]
WARNING: [Synth 8-3331] design dmemory32 has unconnected port address[16]
WARNING: [Synth 8-3331] design dmemory32 has unconnected port address[1]
WARNING: [Synth 8-3331] design dmemory32 has unconnected port address[0]
WARNING: [Synth 8-3331] design dmemory32 has unconnected port upg_rst_i
WARNING: [Synth 8-3331] design dmemory32 has unconnected port upg_clk_i
WARNING: [Synth 8-3331] design dmemory32 has unconnected port upg_wen_i
WARNING: [Synth 8-3331] design dmemory32 has unconnected port upg_adr_i[13]
WARNING: [Synth 8-3331] design dmemory32 has unconnected port upg_adr_i[12]
WARNING: [Synth 8-3331] design dmemory32 has unconnected port upg_adr_i[11]
WARNING: [Synth 8-3331] design dmemory32 has unconnected port upg_adr_i[10]
WARNING: [Synth 8-3331] design dmemory32 has unconnected port upg_adr_i[9]
WARNING: [Synth 8-3331] design dmemory32 has unconnected port upg_adr_i[8]
WARNING: [Synth 8-3331] design dmemory32 has unconnected port upg_adr_i[7]
WARNING: [Synth 8-3331] design dmemory32 has unconnected port upg_adr_i[6]
WARNING: [Synth 8-3331] design dmemory32 has unconnected port upg_adr_i[5]
WARNING: [Synth 8-3331] design dmemory32 has unconnected port upg_adr_i[4]
WARNING: [Synth 8-3331] design dmemory32 has unconnected port upg_adr_i[3]
WARNING: [Synth 8-3331] design dmemory32 has unconnected port upg_adr_i[2]
WARNING: [Synth 8-3331] design dmemory32 has unconnected port upg_adr_i[1]
WARNING: [Synth 8-3331] design dmemory32 has unconnected port upg_adr_i[0]
WARNING: [Synth 8-3331] design dmemory32 has unconnected port upg_dat_i[31]
WARNING: [Synth 8-3331] design dmemory32 has unconnected port upg_dat_i[30]
WARNING: [Synth 8-3331] design dmemory32 has unconnected port upg_dat_i[29]
WARNING: [Synth 8-3331] design dmemory32 has unconnected port upg_dat_i[28]
WARNING: [Synth 8-3331] design dmemory32 has unconnected port upg_dat_i[27]
WARNING: [Synth 8-3331] design dmemory32 has unconnected port upg_dat_i[26]
WARNING: [Synth 8-3331] design dmemory32 has unconnected port upg_dat_i[25]
WARNING: [Synth 8-3331] design dmemory32 has unconnected port upg_dat_i[24]
WARNING: [Synth 8-3331] design dmemory32 has unconnected port upg_dat_i[23]
WARNING: [Synth 8-3331] design dmemory32 has unconnected port upg_dat_i[22]
WARNING: [Synth 8-3331] design dmemory32 has unconnected port upg_dat_i[21]
WARNING: [Synth 8-3331] design dmemory32 has unconnected port upg_dat_i[20]
WARNING: [Synth 8-3331] design dmemory32 has unconnected port upg_dat_i[19]
WARNING: [Synth 8-3331] design dmemory32 has unconnected port upg_dat_i[18]
WARNING: [Synth 8-3331] design dmemory32 has unconnected port upg_dat_i[17]
WARNING: [Synth 8-3331] design dmemory32 has unconnected port upg_dat_i[16]
WARNING: [Synth 8-3331] design dmemory32 has unconnected port upg_dat_i[15]
WARNING: [Synth 8-3331] design dmemory32 has unconnected port upg_dat_i[14]
WARNING: [Synth 8-3331] design dmemory32 has unconnected port upg_dat_i[13]
WARNING: [Synth 8-3331] design dmemory32 has unconnected port upg_dat_i[12]
WARNING: [Synth 8-3331] design dmemory32 has unconnected port upg_dat_i[11]
WARNING: [Synth 8-3331] design dmemory32 has unconnected port upg_dat_i[10]
WARNING: [Synth 8-3331] design dmemory32 has unconnected port upg_dat_i[9]
WARNING: [Synth 8-3331] design dmemory32 has unconnected port upg_dat_i[8]
WARNING: [Synth 8-3331] design dmemory32 has unconnected port upg_dat_i[7]
WARNING: [Synth 8-3331] design dmemory32 has unconnected port upg_dat_i[6]
WARNING: [Synth 8-3331] design dmemory32 has unconnected port upg_dat_i[5]
WARNING: [Synth 8-3331] design dmemory32 has unconnected port upg_dat_i[4]
WARNING: [Synth 8-3331] design dmemory32 has unconnected port upg_dat_i[3]
WARNING: [Synth 8-3331] design dmemory32 has unconnected port upg_dat_i[2]
WARNING: [Synth 8-3331] design dmemory32 has unconnected port upg_dat_i[1]
WARNING: [Synth 8-3331] design dmemory32 has unconnected port upg_dat_i[0]
WARNING: [Synth 8-3331] design dmemory32 has unconnected port upg_done_i
WARNING: [Synth 8-3331] design Executs32 has unconnected port Function_opcode[5]
WARNING: [Synth 8-3331] design Executs32 has unconnected port Function_opcode[4]
WARNING: [Synth 8-3331] design Executs32 has unconnected port opcode[5]
WARNING: [Synth 8-3331] design Executs32 has unconnected port opcode[4]
WARNING: [Synth 8-3331] design Executs32 has unconnected port opcode[3]
WARNING: [Synth 8-3331] design Executs32 has unconnected port PC_plus_4[1]
WARNING: [Synth 8-3331] design Executs32 has unconnected port PC_plus_4[0]
WARNING: [Synth 8-3331] design Executs32 has unconnected port Jr
WARNING: [Synth 8-3331] design Idecode32 has unconnected port Instruction[31]
WARNING: [Synth 8-3331] design Idecode32 has unconnected port Instruction[30]
WARNING: [Synth 8-3331] design Idecode32 has unconnected port Instruction[29]
WARNING: [Synth 8-3331] design Idecode32 has unconnected port Instruction[28]
WARNING: [Synth 8-3331] design Idecode32 has unconnected port Instruction[27]
WARNING: [Synth 8-3331] design Idecode32 has unconnected port Instruction[26]
---------------------------------------------------------------------------------
Finished RTL Elaboration : Time (s): cpu = 00:00:05 ; elapsed = 00:00:05 . Memory (MB): peak = 456.109 ; gain = 153.707
---------------------------------------------------------------------------------

Report Check Netlist: 
+------+------------------+-------+---------+-------+------------------+
|      |Item              |Errors |Warnings |Status |Description       |
+------+------------------+-------+---------+-------+------------------+
|1     |multi_driven_nets |      0|        0|Passed |Multi driven nets |
+------+------------------+-------+---------+-------+------------------+
WARNING: [Synth 8-3295] tying undriven pin change:reset to constant 0 [C:/Users/10201/Downloads/CPU-project-of-Computer-Organization-main/project_2/project_2.srcs/sources_1/new/cpu.v:33]
WARNING: [Synth 8-3295] tying undriven pin ifetch:Read_data_1[31] to constant 0 [C:/Users/10201/Downloads/CPU-project-of-Computer-Organization-main/project_2/project_2.srcs/sources_1/new/cpu.v:71]
WARNING: [Synth 8-3295] tying undriven pin ifetch:Read_data_1[30] to constant 0 [C:/Users/10201/Downloads/CPU-project-of-Computer-Organization-main/project_2/project_2.srcs/sources_1/new/cpu.v:71]
WARNING: [Synth 8-3295] tying undriven pin ifetch:Read_data_1[29] to constant 0 [C:/Users/10201/Downloads/CPU-project-of-Computer-Organization-main/project_2/project_2.srcs/sources_1/new/cpu.v:71]
WARNING: [Synth 8-3295] tying undriven pin ifetch:Read_data_1[28] to constant 0 [C:/Users/10201/Downloads/CPU-project-of-Computer-Organization-main/project_2/project_2.srcs/sources_1/new/cpu.v:71]
WARNING: [Synth 8-3295] tying undriven pin ifetch:Read_data_1[27] to constant 0 [C:/Users/10201/Downloads/CPU-project-of-Computer-Organization-main/project_2/project_2.srcs/sources_1/new/cpu.v:71]
WARNING: [Synth 8-3295] tying undriven pin ifetch:Read_data_1[26] to constant 0 [C:/Users/10201/Downloads/CPU-project-of-Computer-Organization-main/project_2/project_2.srcs/sources_1/new/cpu.v:71]
WARNING: [Synth 8-3295] tying undriven pin ifetch:Read_data_1[25] to constant 0 [C:/Users/10201/Downloads/CPU-project-of-Computer-Organization-main/project_2/project_2.srcs/sources_1/new/cpu.v:71]
WARNING: [Synth 8-3295] tying undriven pin ifetch:Read_data_1[24] to constant 0 [C:/Users/10201/Downloads/CPU-project-of-Computer-Organization-main/project_2/project_2.srcs/sources_1/new/cpu.v:71]
WARNING: [Synth 8-3295] tying undriven pin ifetch:Read_data_1[23] to constant 0 [C:/Users/10201/Downloads/CPU-project-of-Computer-Organization-main/project_2/project_2.srcs/sources_1/new/cpu.v:71]
WARNING: [Synth 8-3295] tying undriven pin ifetch:Read_data_1[22] to constant 0 [C:/Users/10201/Downloads/CPU-project-of-Computer-Organization-main/project_2/project_2.srcs/sources_1/new/cpu.v:71]
WARNING: [Synth 8-3295] tying undriven pin ifetch:Read_data_1[21] to constant 0 [C:/Users/10201/Downloads/CPU-project-of-Computer-Organization-main/project_2/project_2.srcs/sources_1/new/cpu.v:71]
WARNING: [Synth 8-3295] tying undriven pin ifetch:Read_data_1[20] to constant 0 [C:/Users/10201/Downloads/CPU-project-of-Computer-Organization-main/project_2/project_2.srcs/sources_1/new/cpu.v:71]
WARNING: [Synth 8-3295] tying undriven pin ifetch:Read_data_1[19] to constant 0 [C:/Users/10201/Downloads/CPU-project-of-Computer-Organization-main/project_2/project_2.srcs/sources_1/new/cpu.v:71]
WARNING: [Synth 8-3295] tying undriven pin ifetch:Read_data_1[18] to constant 0 [C:/Users/10201/Downloads/CPU-project-of-Computer-Organization-main/project_2/project_2.srcs/sources_1/new/cpu.v:71]
WARNING: [Synth 8-3295] tying undriven pin ifetch:Read_data_1[17] to constant 0 [C:/Users/10201/Downloads/CPU-project-of-Computer-Organization-main/project_2/project_2.srcs/sources_1/new/cpu.v:71]
WARNING: [Synth 8-3295] tying undriven pin ifetch:Read_data_1[16] to constant 0 [C:/Users/10201/Downloads/CPU-project-of-Computer-Organization-main/project_2/project_2.srcs/sources_1/new/cpu.v:71]
WARNING: [Synth 8-3295] tying undriven pin ifetch:Read_data_1[15] to constant 0 [C:/Users/10201/Downloads/CPU-project-of-Computer-Organization-main/project_2/project_2.srcs/sources_1/new/cpu.v:71]
WARNING: [Synth 8-3295] tying undriven pin ifetch:Read_data_1[14] to constant 0 [C:/Users/10201/Downloads/CPU-project-of-Computer-Organization-main/project_2/project_2.srcs/sources_1/new/cpu.v:71]
WARNING: [Synth 8-3295] tying undriven pin ifetch:Read_data_1[13] to constant 0 [C:/Users/10201/Downloads/CPU-project-of-Computer-Organization-main/project_2/project_2.srcs/sources_1/new/cpu.v:71]
WARNING: [Synth 8-3295] tying undriven pin ifetch:Read_data_1[12] to constant 0 [C:/Users/10201/Downloads/CPU-project-of-Computer-Organization-main/project_2/project_2.srcs/sources_1/new/cpu.v:71]
WARNING: [Synth 8-3295] tying undriven pin ifetch:Read_data_1[11] to constant 0 [C:/Users/10201/Downloads/CPU-project-of-Computer-Organization-main/project_2/project_2.srcs/sources_1/new/cpu.v:71]
WARNING: [Synth 8-3295] tying undriven pin ifetch:Read_data_1[10] to constant 0 [C:/Users/10201/Downloads/CPU-project-of-Computer-Organization-main/project_2/project_2.srcs/sources_1/new/cpu.v:71]
WARNING: [Synth 8-3295] tying undriven pin ifetch:Read_data_1[9] to constant 0 [C:/Users/10201/Downloads/CPU-project-of-Computer-Organization-main/project_2/project_2.srcs/sources_1/new/cpu.v:71]
WARNING: [Synth 8-3295] tying undriven pin ifetch:Read_data_1[8] to constant 0 [C:/Users/10201/Downloads/CPU-project-of-Computer-Organization-main/project_2/project_2.srcs/sources_1/new/cpu.v:71]
WARNING: [Synth 8-3295] tying undriven pin ifetch:Read_data_1[7] to constant 0 [C:/Users/10201/Downloads/CPU-project-of-Computer-Organization-main/project_2/project_2.srcs/sources_1/new/cpu.v:71]
WARNING: [Synth 8-3295] tying undriven pin ifetch:Read_data_1[6] to constant 0 [C:/Users/10201/Downloads/CPU-project-of-Computer-Organization-main/project_2/project_2.srcs/sources_1/new/cpu.v:71]
WARNING: [Synth 8-3295] tying undriven pin ifetch:Read_data_1[5] to constant 0 [C:/Users/10201/Downloads/CPU-project-of-Computer-Organization-main/project_2/project_2.srcs/sources_1/new/cpu.v:71]
WARNING: [Synth 8-3295] tying undriven pin ifetch:Read_data_1[4] to constant 0 [C:/Users/10201/Downloads/CPU-project-of-Computer-Organization-main/project_2/project_2.srcs/sources_1/new/cpu.v:71]
WARNING: [Synth 8-3295] tying undriven pin ifetch:Read_data_1[3] to constant 0 [C:/Users/10201/Downloads/CPU-project-of-Computer-Organization-main/project_2/project_2.srcs/sources_1/new/cpu.v:71]
WARNING: [Synth 8-3295] tying undriven pin ifetch:Read_data_1[2] to constant 0 [C:/Users/10201/Downloads/CPU-project-of-Computer-Organization-main/project_2/project_2.srcs/sources_1/new/cpu.v:71]
WARNING: [Synth 8-3295] tying undriven pin ifetch:Read_data_1[1] to constant 0 [C:/Users/10201/Downloads/CPU-project-of-Computer-Organization-main/project_2/project_2.srcs/sources_1/new/cpu.v:71]
WARNING: [Synth 8-3295] tying undriven pin ifetch:Read_data_1[0] to constant 0 [C:/Users/10201/Downloads/CPU-project-of-Computer-Organization-main/project_2/project_2.srcs/sources_1/new/cpu.v:71]
---------------------------------------------------------------------------------
Finished RTL Optimization Phase 1 : Time (s): cpu = 00:00:05 ; elapsed = 00:00:05 . Memory (MB): peak = 456.109 ; gain = 153.707
---------------------------------------------------------------------------------
INFO: [Device 21-403] Loading part xc7a100tfgg484-1
INFO: [Project 1-570] Preparing netlist for logic optimization

Processing XDC Constraints
Initializing timing engine
Parsing XDC File [C:/Users/10201/Downloads/CPU-project-of-Computer-Organization-main/project_2/project_2.runs/synth_1/.Xil/Vivado-12964-LAPTOP-IGGFLKCP/dcp3/uart_bmpg_0_in_context.xdc] for cell 'uart'
Finished Parsing XDC File [C:/Users/10201/Downloads/CPU-project-of-Computer-Organization-main/project_2/project_2.runs/synth_1/.Xil/Vivado-12964-LAPTOP-IGGFLKCP/dcp3/uart_bmpg_0_in_context.xdc] for cell 'uart'
Parsing XDC File [C:/Users/10201/Downloads/CPU-project-of-Computer-Organization-main/project_2/project_2.runs/synth_1/.Xil/Vivado-12964-LAPTOP-IGGFLKCP/dcp4/prgrom_in_context.xdc] for cell 'ifetch/instmem'
Finished Parsing XDC File [C:/Users/10201/Downloads/CPU-project-of-Computer-Organization-main/project_2/project_2.runs/synth_1/.Xil/Vivado-12964-LAPTOP-IGGFLKCP/dcp4/prgrom_in_context.xdc] for cell 'ifetch/instmem'
Parsing XDC File [C:/Users/10201/Downloads/CPU-project-of-Computer-Organization-main/project_2/project_2.runs/synth_1/.Xil/Vivado-12964-LAPTOP-IGGFLKCP/dcp5/RAM_in_context.xdc] for cell 'memory/ram'
Finished Parsing XDC File [C:/Users/10201/Downloads/CPU-project-of-Computer-Organization-main/project_2/project_2.runs/synth_1/.Xil/Vivado-12964-LAPTOP-IGGFLKCP/dcp5/RAM_in_context.xdc] for cell 'memory/ram'
Parsing XDC File [C:/Users/10201/Downloads/CPU-project-of-Computer-Organization-main/project_2/project_2.srcs/constrs_1/new/CPU_con.xdc]
Finished Parsing XDC File [C:/Users/10201/Downloads/CPU-project-of-Computer-Organization-main/project_2/project_2.srcs/constrs_1/new/CPU_con.xdc]
INFO: [Project 1-236] Implementation specific constraints were found while reading constraint file [C:/Users/10201/Downloads/CPU-project-of-Computer-Organization-main/project_2/project_2.srcs/constrs_1/new/CPU_con.xdc]. These constraints will be ignored for synthesis but will be used in implementation. Impacted constraints are listed in the file [.Xil/cpu_propImpl.xdc].
Resolution: To avoid this warning, move constraints listed in [.Xil/cpu_propImpl.xdc] to another XDC file and exclude this new file from synthesis with the used_in_synthesis property (File Properties dialog in GUI) and re-run elaboration/synthesis.
Parsing XDC File [C:/Users/10201/Downloads/CPU-project-of-Computer-Organization-main/project_2/project_2.runs/synth_1/dont_touch.xdc]
Finished Parsing XDC File [C:/Users/10201/Downloads/CPU-project-of-Computer-Organization-main/project_2/project_2.runs/synth_1/dont_touch.xdc]
Completed Processing XDC Constraints

INFO: [Project 1-111] Unisim Transformation Summary:
No Unisim elements were transformed.

Constraint Validation Runtime : Time (s): cpu = 00:00:00 ; elapsed = 00:00:00.003 . Memory (MB): peak = 803.363 ; gain = 0.000
---------------------------------------------------------------------------------
Finished Constraint Validation : Time (s): cpu = 00:00:14 ; elapsed = 00:00:14 . Memory (MB): peak = 803.363 ; gain = 500.961
---------------------------------------------------------------------------------
---------------------------------------------------------------------------------
Start Loading Part and Timing Information
---------------------------------------------------------------------------------
Loading part: xc7a100tfgg484-1
---------------------------------------------------------------------------------
Finished Loading Part and Timing Information : Time (s): cpu = 00:00:14 ; elapsed = 00:00:14 . Memory (MB): peak = 803.363 ; gain = 500.961
---------------------------------------------------------------------------------
---------------------------------------------------------------------------------
Start Applying 'set_property' XDC Constraints
---------------------------------------------------------------------------------
Applied set_property DONT_TOUCH = true for ifetch/instmem. (constraint file  auto generated constraint, line ).
Applied set_property DONT_TOUCH = true for memory/ram. (constraint file  auto generated constraint, line ).
Applied set_property DONT_TOUCH = true for uart. (constraint file  auto generated constraint, line ).
---------------------------------------------------------------------------------
Finished applying 'set_property' XDC Constraints : Time (s): cpu = 00:00:14 ; elapsed = 00:00:14 . Memory (MB): peak = 803.363 ; gain = 500.961
---------------------------------------------------------------------------------
INFO: [Synth 8-5544] ROM "clkout" won't be mapped to Block RAM because address size (4) smaller than threshold (5)
INFO: [Synth 8-5544] ROM "clkout" won't be mapped to Block RAM because address size (2) smaller than threshold (5)
INFO: [Synth 8-5546] ROM "register_reg[0]" won't be mapped to RAM because it is too sparse
INFO: [Synth 8-5546] ROM "register_reg[1]" won't be mapped to RAM because it is too sparse
INFO: [Synth 8-5546] ROM "register_reg[2]" won't be mapped to RAM because it is too sparse
INFO: [Synth 8-5546] ROM "register_reg[3]" won't be mapped to RAM because it is too sparse
INFO: [Synth 8-5546] ROM "register_reg[4]" won't be mapped to RAM because it is too sparse
INFO: [Synth 8-5546] ROM "register_reg[5]" won't be mapped to RAM because it is too sparse
INFO: [Synth 8-5546] ROM "register_reg[6]" won't be mapped to RAM because it is too sparse
INFO: [Synth 8-5546] ROM "register_reg[7]" won't be mapped to RAM because it is too sparse
INFO: [Synth 8-5546] ROM "register_reg[8]" won't be mapped to RAM because it is too sparse
INFO: [Synth 8-5546] ROM "register_reg[9]" won't be mapped to RAM because it is too sparse
INFO: [Synth 8-5546] ROM "register_reg[10]" won't be mapped to RAM because it is too sparse
INFO: [Synth 8-5546] ROM "register_reg[11]" won't be mapped to RAM because it is too sparse
INFO: [Synth 8-5546] ROM "register_reg[12]" won't be mapped to RAM because it is too sparse
INFO: [Synth 8-5546] ROM "register_reg[13]" won't be mapped to RAM because it is too sparse
INFO: [Synth 8-5546] ROM "register_reg[14]" won't be mapped to RAM because it is too sparse
INFO: [Synth 8-5546] ROM "register_reg[15]" won't be mapped to RAM because it is too sparse
INFO: [Synth 8-5546] ROM "register_reg[16]" won't be mapped to RAM because it is too sparse
INFO: [Synth 8-5546] ROM "register_reg[17]" won't be mapped to RAM because it is too sparse
INFO: [Synth 8-5546] ROM "register_reg[18]" won't be mapped to RAM because it is too sparse
INFO: [Synth 8-5546] ROM "register_reg[19]" won't be mapped to RAM because it is too sparse
INFO: [Synth 8-5546] ROM "register_reg[20]" won't be mapped to RAM because it is too sparse
INFO: [Synth 8-5546] ROM "register_reg[21]" won't be mapped to RAM because it is too sparse
INFO: [Synth 8-5546] ROM "register_reg[22]" won't be mapped to RAM because it is too sparse
INFO: [Synth 8-5546] ROM "register_reg[23]" won't be mapped to RAM because it is too sparse
INFO: [Synth 8-5546] ROM "register_reg[24]" won't be mapped to RAM because it is too sparse
INFO: [Synth 8-5546] ROM "register_reg[25]" won't be mapped to RAM because it is too sparse
INFO: [Synth 8-5546] ROM "register_reg[26]" won't be mapped to RAM because it is too sparse
INFO: [Synth 8-5546] ROM "register_reg[27]" won't be mapped to RAM because it is too sparse
INFO: [Synth 8-5546] ROM "register_reg[28]" won't be mapped to RAM because it is too sparse
INFO: [Synth 8-5546] ROM "register_reg[29]" won't be mapped to RAM because it is too sparse
INFO: [Synth 8-5546] ROM "register_reg[30]" won't be mapped to RAM because it is too sparse
INFO: [Synth 8-5546] ROM "register_reg[31]" won't be mapped to RAM because it is too sparse
INFO: [Synth 8-5546] ROM "Jmp" won't be mapped to RAM because it is too sparse
INFO: [Synth 8-5546] ROM "Jal" won't be mapped to RAM because it is too sparse
INFO: [Synth 8-5546] ROM "Branch" won't be mapped to RAM because it is too sparse
INFO: [Synth 8-5546] ROM "nBranch" won't be mapped to RAM because it is too sparse
INFO: [Synth 8-5546] ROM "R_format" won't be mapped to RAM because it is too sparse
INFO: [Synth 8-5546] ROM "Lw" won't be mapped to RAM because it is too sparse
INFO: [Synth 8-5544] ROM "I_format" won't be mapped to Block RAM because address size (3) smaller than threshold (5)
INFO: [Synth 8-5546] ROM "Sw" won't be mapped to RAM because it is too sparse
INFO: [Synth 8-5818] HDL ADVISOR - The operator resource <adder> is shared. To prevent sharing consider applying a KEEP on the output of the operator [C:/Users/10201/Downloads/CPU-project-of-Computer-Organization-main/project_2/project_2.srcs/sources_1/new/Executs32.v:56]
INFO: [Synth 8-5545] ROM "Zero" won't be mapped to RAM because address size (32) is larger than maximum supported(25)
WARNING: [Synth 8-327] inferring latch for variable 'ioread_data_reg' [C:/Users/10201/Downloads/CPU-project-of-Computer-Organization-main/project_2/project_2.srcs/sources_1/new/ioInterface.v:14]
---------------------------------------------------------------------------------
Finished RTL Optimization Phase 2 : Time (s): cpu = 00:00:14 ; elapsed = 00:00:15 . Memory (MB): peak = 803.363 ; gain = 500.961
---------------------------------------------------------------------------------

Report RTL Partitions: 
+-+--------------+------------+----------+
| |RTL Partition |Replication |Instances |
+-+--------------+------------+----------+
+-+--------------+------------+----------+
---------------------------------------------------------------------------------
Start RTL Component Statistics 
---------------------------------------------------------------------------------
Detailed RTL Component Info : 
+---Adders : 
	   2 Input     32 Bit       Adders := 2     
	   3 Input     32 Bit       Adders := 2     
	   2 Input     30 Bit       Adders := 1     
	   2 Input      4 Bit       Adders := 1     
	   2 Input      2 Bit       Adders := 1     
+---XORs : 
	   2 Input     32 Bit         XORs := 1     
+---Registers : 
	               32 Bit    Registers := 32    
	               24 Bit    Registers := 1     
	                4 Bit    Registers := 1     
	                2 Bit    Registers := 1     
	                1 Bit    Registers := 3     
+---Muxes : 
	   2 Input     32 Bit        Muxes := 13    
	   8 Input     32 Bit        Muxes := 1     
	   4 Input     24 Bit        Muxes := 1     
	   2 Input     16 Bit        Muxes := 1     
	   4 Input     16 Bit        Muxes := 1     
	   2 Input     14 Bit        Muxes := 1     
	   2 Input      5 Bit        Muxes := 2     
	   2 Input      4 Bit        Muxes := 4     
	   2 Input      2 Bit        Muxes := 3     
	   2 Input      1 Bit        Muxes := 49    
---------------------------------------------------------------------------------
Finished RTL Component Statistics 
---------------------------------------------------------------------------------
---------------------------------------------------------------------------------
Start RTL Hierarchical Component Statistics 
---------------------------------------------------------------------------------
Hierarchical RTL Component report 
Module cpu 
Detailed RTL Component Info : 
+---Registers : 
	                1 Bit    Registers := 1     
Module clkout2 
Detailed RTL Component Info : 
+---Adders : 
	   2 Input      4 Bit       Adders := 1     
+---Registers : 
	                4 Bit    Registers := 1     
	                1 Bit    Registers := 1     
+---Muxes : 
	   2 Input      4 Bit        Muxes := 3     
	   2 Input      1 Bit        Muxes := 4     
Module FracFrequency 
Detailed RTL Component Info : 
+---Adders : 
	   2 Input      2 Bit       Adders := 1     
+---Registers : 
	                2 Bit    Registers := 1     
	                1 Bit    Registers := 1     
+---Muxes : 
	   2 Input      2 Bit        Muxes := 1     
	   2 Input      1 Bit        Muxes := 1     
Module Ifetc32 
Detailed RTL Component Info : 
+---Adders : 
	   2 Input     32 Bit       Adders := 1     
	   2 Input     30 Bit       Adders := 1     
+---Muxes : 
	   2 Input     32 Bit        Muxes := 6     
	   2 Input     14 Bit        Muxes := 1     
	   2 Input      2 Bit        Muxes := 1     
	   2 Input      1 Bit        Muxes := 1     
Module Idecode32 
Detailed RTL Component Info : 
+---Registers : 
	               32 Bit    Registers := 32    
+---Muxes : 
	   2 Input     32 Bit        Muxes := 2     
	   2 Input      5 Bit        Muxes := 2     
	   2 Input      1 Bit        Muxes := 32    
Module controller 
Detailed RTL Component Info : 
+---Muxes : 
	   2 Input      1 Bit        Muxes := 10    
Module Executs32 
Detailed RTL Component Info : 
+---Adders : 
	   3 Input     32 Bit       Adders := 2     
	   2 Input     32 Bit       Adders := 1     
+---XORs : 
	   2 Input     32 Bit         XORs := 1     
+---Muxes : 
	   2 Input     32 Bit        Muxes := 4     
	   8 Input     32 Bit        Muxes := 1     
	   2 Input      4 Bit        Muxes := 1     
	   2 Input      2 Bit        Muxes := 1     
	   2 Input      1 Bit        Muxes := 1     
Module MemOrIO 
Detailed RTL Component Info : 
+---Muxes : 
	   2 Input     32 Bit        Muxes := 1     
Module LedIO 
Detailed RTL Component Info : 
+---Registers : 
	               24 Bit    Registers := 1     
+---Muxes : 
	   4 Input     24 Bit        Muxes := 1     
Module SwitchIO 
Detailed RTL Component Info : 
+---Muxes : 
	   2 Input     16 Bit        Muxes := 1     
	   4 Input     16 Bit        Muxes := 1     
---------------------------------------------------------------------------------
Finished RTL Hierarchical Component Statistics
---------------------------------------------------------------------------------
---------------------------------------------------------------------------------
Start Part Resource Summary
---------------------------------------------------------------------------------
Part Resources:
DSPs: 240 (col length:80)
BRAMs: 270 (col length: RAMB18 80 RAMB36 40)
---------------------------------------------------------------------------------
Finished Part Resource Summary
---------------------------------------------------------------------------------
---------------------------------------------------------------------------------
Start Cross Boundary and Area Optimization
---------------------------------------------------------------------------------
INFO: [Synth 8-5545] ROM "Zero" won't be mapped to RAM because address size (32) is larger than maximum supported(25)
WARNING: [Synth 8-3331] design Executs32 has unconnected port Function_opcode[5]
WARNING: [Synth 8-3331] design Executs32 has unconnected port Function_opcode[4]
WARNING: [Synth 8-3331] design Executs32 has unconnected port opcode[5]
WARNING: [Synth 8-3331] design Executs32 has unconnected port opcode[4]
WARNING: [Synth 8-3331] design Executs32 has unconnected port opcode[3]
WARNING: [Synth 8-3331] design Executs32 has unconnected port PC_plus_4[1]
WARNING: [Synth 8-3331] design Executs32 has unconnected port PC_plus_4[0]
WARNING: [Synth 8-3331] design Executs32 has unconnected port Jr
WARNING: [Synth 8-3331] design Idecode32 has unconnected port Instruction[31]
WARNING: [Synth 8-3331] design Idecode32 has unconnected port Instruction[30]
WARNING: [Synth 8-3331] design Idecode32 has unconnected port Instruction[29]
WARNING: [Synth 8-3331] design Idecode32 has unconnected port Instruction[28]
WARNING: [Synth 8-3331] design Idecode32 has unconnected port Instruction[27]
WARNING: [Synth 8-3331] design Idecode32 has unconnected port Instruction[26]
INFO: [Synth 8-3886] merging instance 'ifetch/link_addr_reg[31]' (FDE_1) to 'ifetch/link_addr_reg[30]'
INFO: [Synth 8-3333] propagating constant 0 across sequential element (\ifetch/link_addr_reg[30] )
WARNING: [Synth 8-3332] Sequential element (ifetch/PC_reg[0]) is unused and will be removed from module cpu.
WARNING: [Synth 8-3332] Sequential element (ifetch/link_addr_reg[30]) is unused and will be removed from module cpu.
WARNING: [Synth 8-3332] Sequential element (switchinput/switchrdata_reg[23]) is unused and will be removed from module cpu.
WARNING: [Synth 8-3332] Sequential element (switchinput/switchrdata_reg[22]) is unused and will be removed from module cpu.
WARNING: [Synth 8-3332] Sequential element (switchinput/switchrdata_reg[21]) is unused and will be removed from module cpu.
WARNING: [Synth 8-3332] Sequential element (switchinput/switchrdata_reg[20]) is unused and will be removed from module cpu.
WARNING: [Synth 8-3332] Sequential element (switchinput/switchrdata_reg[19]) is unused and will be removed from module cpu.
WARNING: [Synth 8-3332] Sequential element (switchinput/switchrdata_reg[18]) is unused and will be removed from module cpu.
WARNING: [Synth 8-3332] Sequential element (switchinput/switchrdata_reg[17]) is unused and will be removed from module cpu.
WARNING: [Synth 8-3332] Sequential element (switchinput/switchrdata_reg[16]) is unused and will be removed from module cpu.
WARNING: [Synth 8-3332] Sequential element (change/cnt_reg[3]) is unused and will be removed from module cpu.
WARNING: [Synth 8-3332] Sequential element (change/cnt_reg[2]) is unused and will be removed from module cpu.
WARNING: [Synth 8-3332] Sequential element (change/cnt_reg[1]) is unused and will be removed from module cpu.
WARNING: [Synth 8-3332] Sequential element (change/cnt_reg[0]) is unused and will be removed from module cpu.
WARNING: [Synth 8-3332] Sequential element (change/clkout_reg) is unused and will be removed from module cpu.
WARNING: [Synth 8-3332] Sequential element (ff/cnt_reg[1]) is unused and will be removed from module cpu.
---------------------------------------------------------------------------------
Finished Cross Boundary and Area Optimization : Time (s): cpu = 00:00:55 ; elapsed = 00:00:56 . Memory (MB): peak = 803.363 ; gain = 500.961
---------------------------------------------------------------------------------

Report RTL Partitions: 
+-+--------------+------------+----------+
| |RTL Partition |Replication |Instances |
+-+--------------+------------+----------+
+-+--------------+------------+----------+
---------------------------------------------------------------------------------
Start Applying XDC Timing Constraints
---------------------------------------------------------------------------------
---------------------------------------------------------------------------------
Finished Applying XDC Timing Constraints : Time (s): cpu = 00:01:02 ; elapsed = 00:01:02 . Memory (MB): peak = 837.191 ; gain = 534.789
---------------------------------------------------------------------------------
---------------------------------------------------------------------------------
Start Timing Optimization
---------------------------------------------------------------------------------
---------------------------------------------------------------------------------
Finished Timing Optimization : Time (s): cpu = 00:01:17 ; elapsed = 00:01:18 . Memory (MB): peak = 839.848 ; gain = 537.445
---------------------------------------------------------------------------------

Report RTL Partitions: 
+-+--------------+------------+----------+
| |RTL Partition |Replication |Instances |
+-+--------------+------------+----------+
+-+--------------+------------+----------+
---------------------------------------------------------------------------------
Start Technology Mapping
---------------------------------------------------------------------------------
---------------------------------------------------------------------------------
Finished Technology Mapping : Time (s): cpu = 00:01:22 ; elapsed = 00:01:23 . Memory (MB): peak = 910.582 ; gain = 608.180
---------------------------------------------------------------------------------

Report RTL Partitions: 
+-+--------------+------------+----------+
| |RTL Partition |Replication |Instances |
+-+--------------+------------+----------+
+-+--------------+------------+----------+
---------------------------------------------------------------------------------
Start IO Insertion
---------------------------------------------------------------------------------
---------------------------------------------------------------------------------
Start Flattening Before IO Insertion
---------------------------------------------------------------------------------
---------------------------------------------------------------------------------
Finished Flattening Before IO Insertion
---------------------------------------------------------------------------------
---------------------------------------------------------------------------------
Start Final Netlist Cleanup
---------------------------------------------------------------------------------
---------------------------------------------------------------------------------
Finished Final Netlist Cleanup
---------------------------------------------------------------------------------
---------------------------------------------------------------------------------
Finished IO Insertion : Time (s): cpu = 00:01:23 ; elapsed = 00:01:23 . Memory (MB): peak = 910.582 ; gain = 608.180
---------------------------------------------------------------------------------

Report Check Netlist: 
+------+------------------+-------+---------+-------+------------------+
|      |Item              |Errors |Warnings |Status |Description       |
+------+------------------+-------+---------+-------+------------------+
|1     |multi_driven_nets |      0|        0|Passed |Multi driven nets |
+------+------------------+-------+---------+-------+------------------+
---------------------------------------------------------------------------------
Start Renaming Generated Instances
---------------------------------------------------------------------------------
---------------------------------------------------------------------------------
Finished Renaming Generated Instances : Time (s): cpu = 00:01:23 ; elapsed = 00:01:23 . Memory (MB): peak = 910.582 ; gain = 608.180
---------------------------------------------------------------------------------

Report RTL Partitions: 
+-+--------------+------------+----------+
| |RTL Partition |Replication |Instances |
+-+--------------+------------+----------+
+-+--------------+------------+----------+
---------------------------------------------------------------------------------
Start Rebuilding User Hierarchy
---------------------------------------------------------------------------------
---------------------------------------------------------------------------------
Finished Rebuilding User Hierarchy : Time (s): cpu = 00:01:23 ; elapsed = 00:01:23 . Memory (MB): peak = 910.582 ; gain = 608.180
---------------------------------------------------------------------------------
---------------------------------------------------------------------------------
Start Renaming Generated Ports
---------------------------------------------------------------------------------
---------------------------------------------------------------------------------
Finished Renaming Generated Ports : Time (s): cpu = 00:01:23 ; elapsed = 00:01:23 . Memory (MB): peak = 910.582 ; gain = 608.180
---------------------------------------------------------------------------------
---------------------------------------------------------------------------------
Start Handling Custom Attributes
---------------------------------------------------------------------------------
---------------------------------------------------------------------------------
Finished Handling Custom Attributes : Time (s): cpu = 00:01:23 ; elapsed = 00:01:24 . Memory (MB): peak = 910.582 ; gain = 608.180
---------------------------------------------------------------------------------
---------------------------------------------------------------------------------
Start Renaming Generated Nets
---------------------------------------------------------------------------------
---------------------------------------------------------------------------------
Finished Renaming Generated Nets : Time (s): cpu = 00:01:23 ; elapsed = 00:01:24 . Memory (MB): peak = 910.582 ; gain = 608.180
---------------------------------------------------------------------------------
---------------------------------------------------------------------------------
Start Writing Synthesis Report
---------------------------------------------------------------------------------

Report BlackBoxes: 
+------+--------------+----------+
|      |BlackBox name |Instances |
+------+--------------+----------+
|1     |uart_bmpg_0   |         1|
|2     |prgrom        |         1|
|3     |RAM           |         1|
+------+--------------+----------+

Report Cell Usage: 
+------+------------+------+
|      |Cell        |Count |
+------+------------+------+
|1     |RAM         |     1|
|2     |prgrom      |     1|
|3     |uart_bmpg_0 |     1|
|4     |BUFG        |     3|
|5     |CARRY4      |    40|
|6     |LUT1        |     6|
|7     |LUT2        |   136|
|8     |LUT3        |   212|
|9     |LUT4        |   157|
|10    |LUT5        |   237|
|11    |LUT6        |  1119|
|12    |MUXF7       |   256|
|13    |MUXF8       |    50|
|14    |FDCE        |  1066|
|15    |FDRE        |    62|
|16    |LDC         |    16|
|17    |IBUF        |    28|
|18    |OBUF        |    25|
+------+------------+------+

Report Instance Areas: 
+------+--------------+--------------+------+
|      |Instance      |Module        |Cells |
+------+--------------+--------------+------+
|1     |top           |              |  3528|
|2     |  ff          |FracFrequency |     6|
|3     |  idecode     |Idecode32     |  2241|
|4     |  ifetch      |Ifetc32       |  1084|
|5     |  ioin        |ioInterface   |    16|
|6     |  ledoutput   |LedIO         |    24|
|7     |  memory      |dmemory32     |    32|
|8     |  switchinput |SwitchIO      |    16|
+------+--------------+--------------+------+
---------------------------------------------------------------------------------
Finished Writing Synthesis Report : Time (s): cpu = 00:01:23 ; elapsed = 00:01:24 . Memory (MB): peak = 910.582 ; gain = 608.180
---------------------------------------------------------------------------------
Synthesis finished with 0 errors, 0 critical warnings and 31 warnings.
Synthesis Optimization Runtime : Time (s): cpu = 00:01:13 ; elapsed = 00:01:18 . Memory (MB): peak = 910.582 ; gain = 260.926
Synthesis Optimization Complete : Time (s): cpu = 00:01:23 ; elapsed = 00:01:24 . Memory (MB): peak = 910.582 ; gain = 608.180
INFO: [Project 1-571] Translating synthesized netlist
INFO: [Netlist 29-17] Analyzing 390 Unisim elements for replacement
INFO: [Netlist 29-28] Unisim Transformation completed in 0 CPU seconds
INFO: [Project 1-570] Preparing netlist for logic optimization
INFO: [Opt 31-138] Pushed 0 inverter(s) to 0 load pin(s).
INFO: [Project 1-111] Unisim Transformation Summary:
  A total of 16 instances were transformed.
  LDC => LDCE: 16 instances

INFO: [Common 17-83] Releasing license: Synthesis
92 Infos, 157 Warnings, 0 Critical Warnings and 0 Errors encountered.
synth_design completed successfully
synth_design: Time (s): cpu = 00:01:25 ; elapsed = 00:01:27 . Memory (MB): peak = 910.582 ; gain = 619.660
INFO: [Common 17-1381] The checkpoint 'C:/Users/10201/Downloads/CPU-project-of-Computer-Organization-main/project_2/project_2.runs/synth_1/cpu.dcp' has been generated.
INFO: [runtcl-4] Executing : report_utilization -file cpu_utilization_synth.rpt -pb cpu_utilization_synth.pb
report_utilization: Time (s): cpu = 00:00:00 ; elapsed = 00:00:00.038 . Memory (MB): peak = 910.582 ; gain = 0.000
INFO: [Common 17-206] Exiting Vivado at Thu May 20 21:32:33 2021...
