Copyright 1986-2017 Xilinx, Inc. All Rights Reserved.
-------------------------------------------------------------------------------------------------------------------------------
| Tool Version     : Vivado v.2017.4 (win64) Build 2086221 Fri Dec 15 20:55:39 MST 2017
| Date             : Wed May 19 15:15:25 2021
| Host             : DESKTOP-413QC96 running 64-bit major release  (build 9200)
| Command          : report_power -file cpu_power_routed.rpt -pb cpu_power_summary_routed.pb -rpx cpu_power_routed.rpx
| Design           : cpu
| Device           : xc7a100tfgg484-1
| Design State     : routed
| Grade            : commercial
| Process          : typical
| Characterization : Production
-------------------------------------------------------------------------------------------------------------------------------

Power Report

Table of Contents
-----------------
1. Summary
1.1 On-Chip Components
1.2 Power Supply Summary
1.3 Confidence Level
2. Settings
2.1 Environment
2.2 Clock Constraints
3. Detailed Reports
3.1 By Hierarchy

1. Summary
----------

+--------------------------+----------------------------------+
| Total On-Chip Power (W)  | 61.590 (Junction temp exceeded!) |
| Design Power Budget (W)  | Unspecified*                     |
| Power Budget Margin (W)  | NA                               |
| Dynamic (W)              | 60.775                           |
| Device Static (W)        | 0.815                            |
| Effective TJA (C/W)      | 2.7                              |
| Max Ambient (C)          | 0.0                              |
| Junction Temperature (C) | 125.0                            |
| Confidence Level         | Low                              |
| Setting File             | ---                              |
| Simulation Activity File | ---                              |
| Design Nets Matched      | NA                               |
+--------------------------+----------------------------------+
* Specify Design Power Budget using, set_operating_conditions -design_power_budget <value in Watts>


1.1 On-Chip Components
----------------------

+----------------+-----------+----------+-----------+-----------------+
| On-Chip        | Power (W) | Used     | Available | Utilization (%) |
+----------------+-----------+----------+-----------+-----------------+
| Slice Logic    |    26.217 |     3445 |       --- |             --- |
|   LUT as Logic |    25.535 |     1672 |     63400 |            2.64 |
|   F7/F8 Muxes  |     0.435 |      307 |     63400 |            0.48 |
|   CARRY4       |     0.201 |       40 |     15850 |            0.25 |
|   Register     |     0.034 |     1147 |    126800 |            0.90 |
|   BUFG         |     0.012 |        2 |        32 |            6.25 |
|   Others       |     0.000 |       85 |       --- |             --- |
| Signals        |    33.174 |     3072 |       --- |             --- |
| Block RAM      |     1.285 |       29 |       135 |           21.48 |
| I/O            |     0.100 |       50 |       285 |           17.54 |
| Static Power   |     0.815 |          |           |                 |
| Total          |    61.590 |          |           |                 |
+----------------+-----------+----------+-----------+-----------------+


1.2 Power Supply Summary
------------------------

+-----------+-------------+-----------+-------------+------------+
| Source    | Voltage (V) | Total (A) | Dynamic (A) | Static (A) |
+-----------+-------------+-----------+-------------+------------+
| Vccint    |       1.000 |    61.236 |      60.665 |      0.572 |
| Vccaux    |       1.800 |     0.093 |       0.000 |      0.093 |
| Vcco33    |       3.300 |     0.004 |       0.000 |      0.004 |
| Vcco25    |       2.500 |     0.000 |       0.000 |      0.000 |
| Vcco18    |       1.800 |     0.000 |       0.000 |      0.000 |
| Vcco15    |       1.500 |     0.000 |       0.000 |      0.000 |
| Vcco135   |       1.350 |     0.000 |       0.000 |      0.000 |
| Vcco12    |       1.200 |     0.000 |       0.000 |      0.000 |
| Vccaux_io |       1.800 |     0.000 |       0.000 |      0.000 |
| Vccbram   |       1.000 |     0.137 |       0.110 |      0.027 |
| MGTAVcc   |       1.000 |     0.000 |       0.000 |      0.000 |
| MGTAVtt   |       1.200 |     0.000 |       0.000 |      0.000 |
| Vccadc    |       1.800 |     0.020 |       0.000 |      0.020 |
+-----------+-------------+-----------+-------------+------------+


1.3 Confidence Level
--------------------

+-----------------------------+------------+--------------------------------------------------------+--------------------------------------------------------------------------------------------------------------------+
| User Input Data             | Confidence | Details                                                | Action                                                                                                             |
+-----------------------------+------------+--------------------------------------------------------+--------------------------------------------------------------------------------------------------------------------+
| Design implementation state | High       | Design is routed                                       |                                                                                                                    |
| Clock nodes activity        | Low        | User specified less than 75% of clocks                 | Provide missing clock activity with a constraint file, simulation results or by editing the "By Clock Domain" view |
| I/O nodes activity          | Low        | More than 75% of inputs are missing user specification | Provide missing input activity with simulation results or by editing the "By Resource Type -> I/Os" view           |
| Internal nodes activity     | Medium     | User specified less than 25% of internal nodes         | Provide missing internal nodes activity with simulation results or by editing the "By Resource Type" views         |
| Device models               | High       | Device models are Production                           |                                                                                                                    |
|                             |            |                                                        |                                                                                                                    |
| Overall confidence level    | Low        |                                                        |                                                                                                                    |
+-----------------------------+------------+--------------------------------------------------------+--------------------------------------------------------------------------------------------------------------------+


2. Settings
-----------

2.1 Environment
---------------

+-----------------------+--------------------------+
| Ambient Temp (C)      | 25.0                     |
| ThetaJA (C/W)         | 2.7                      |
| Airflow (LFM)         | 250                      |
| Heat Sink             | medium (Medium Profile)  |
| ThetaSA (C/W)         | 4.6                      |
| Board Selection       | medium (10"x10")         |
| # of Board Layers     | 12to15 (12 to 15 Layers) |
| Board Temperature (C) | 25.0                     |
+-----------------------+--------------------------+


2.2 Clock Constraints
---------------------

+-------+--------+-----------------+
| Clock | Domain | Constraint (ns) |
+-------+--------+-----------------+


3. Detailed Reports
-------------------

3.1 By Hierarchy
----------------

+------------------------------------------------+-----------+
| Name                                           | Power (W) |
+------------------------------------------------+-----------+
| cpu                                            |    60.775 |
|   ff                                           |     0.167 |
|   idecode                                      |    19.893 |
|   ifetch                                       |    38.957 |
|     instmem                                    |     6.294 |
|       U0                                       |     6.294 |
|         inst_blk_mem_gen                       |     6.294 |
|           gnbram.gnativebmg.native_blk_mem_gen |     6.294 |
|             valid.cstr                         |     6.294 |
|               bindec_a.bindec_inst_a           |     0.046 |
|               has_mux_a.A                      |     4.755 |
|               ramloop[0].ram.r                 |     0.260 |
|                 prim_init.ram                  |     0.260 |
|               ramloop[10].ram.r                |     0.033 |
|                 prim_init.ram                  |     0.033 |
|               ramloop[11].ram.r                |     0.051 |
|                 prim_init.ram                  |     0.051 |
|               ramloop[12].ram.r                |     0.057 |
|                 prim_init.ram                  |     0.057 |
|               ramloop[13].ram.r                |     0.040 |
|                 prim_init.ram                  |     0.040 |
|               ramloop[14].ram.r                |     0.034 |
|                 prim_init.ram                  |     0.034 |
|               ramloop[1].ram.r                 |     0.469 |
|                 prim_init.ram                  |     0.469 |
|               ramloop[2].ram.r                 |     0.183 |
|                 prim_init.ram                  |     0.183 |
|               ramloop[3].ram.r                 |     0.053 |
|                 prim_init.ram                  |     0.053 |
|               ramloop[4].ram.r                 |     0.068 |
|                 prim_init.ram                  |     0.068 |
|               ramloop[5].ram.r                 |     0.061 |
|                 prim_init.ram                  |     0.061 |
|               ramloop[6].ram.r                 |     0.039 |
|                 prim_init.ram                  |     0.039 |
|               ramloop[7].ram.r                 |     0.054 |
|                 prim_init.ram                  |     0.054 |
|               ramloop[8].ram.r                 |     0.055 |
|                 prim_init.ram                  |     0.055 |
|               ramloop[9].ram.r                 |     0.036 |
|                 prim_init.ram                  |     0.036 |
|   ioin                                         |    <0.001 |
|   ledoutput                                    |    <0.001 |
|   memory                                       |     1.567 |
|     ram                                        |     1.567 |
|       U0                                       |     1.567 |
|         inst_blk_mem_gen                       |     1.567 |
|           gnbram.gnativebmg.native_blk_mem_gen |     1.567 |
|             valid.cstr                         |     1.567 |
|               bindec_a.bindec_inst_a           |     0.067 |
|               has_mux_a.A                      |     0.554 |
|               ramloop[0].ram.r                 |     0.064 |
|                 prim_init.ram                  |     0.064 |
|               ramloop[10].ram.r                |     0.049 |
|                 prim_init.ram                  |     0.049 |
|               ramloop[11].ram.r                |     0.047 |
|                 prim_init.ram                  |     0.047 |
|               ramloop[12].ram.r                |     0.039 |
|                 prim_init.ram                  |     0.039 |
|               ramloop[13].ram.r                |     0.050 |
|                 prim_init.ram                  |     0.050 |
|               ramloop[14].ram.r                |     0.044 |
|                 prim_init.ram                  |     0.044 |
|               ramloop[1].ram.r                 |     0.133 |
|                 prim_init.ram                  |     0.133 |
|               ramloop[2].ram.r                 |     0.129 |
|                 prim_init.ram                  |     0.129 |
|               ramloop[3].ram.r                 |     0.051 |
|                 prim_init.ram                  |     0.051 |
|               ramloop[4].ram.r                 |     0.077 |
|                 prim_init.ram                  |     0.077 |
|               ramloop[5].ram.r                 |     0.078 |
|                 prim_init.ram                  |     0.078 |
|               ramloop[6].ram.r                 |     0.048 |
|                 prim_init.ram                  |     0.048 |
|               ramloop[7].ram.r                 |     0.047 |
|                 prim_init.ram                  |     0.047 |
|               ramloop[8].ram.r                 |     0.048 |
|                 prim_init.ram                  |     0.048 |
|               ramloop[9].ram.r                 |     0.042 |
|                 prim_init.ram                  |     0.042 |
|   switchinput                                  |    <0.001 |
+------------------------------------------------+-----------+


