Copyright 1986-2017 Xilinx, Inc. All Rights Reserved.
------------------------------------------------------------------------------------
| Tool Version : Vivado v.2017.4 (win64) Build 2086221 Fri Dec 15 20:55:39 MST 2017
| Date         : Thu May 20 21:33:11 2021
| Host         : LAPTOP-IGGFLKCP running 64-bit major release  (build 9200)
| Command      : report_control_sets -verbose -file cpu_control_sets_placed.rpt
| Design       : cpu
| Device       : xc7a100t
------------------------------------------------------------------------------------

Control Set Information

Table of Contents
-----------------
1. Summary
2. Flip-Flop Distribution
3. Detailed Control Set Information

1. Summary
----------

+----------------------------------------------------------+-------+
|                          Status                          | Count |
+----------------------------------------------------------+-------+
| Number of unique control sets                            |    43 |
| Unused register locations in slices containing registers |    36 |
+----------------------------------------------------------+-------+


2. Flip-Flop Distribution
-------------------------

+--------------+-----------------------+------------------------+-----------------+--------------+
| Clock Enable | Synchronous Set/Reset | Asynchronous Set/Reset | Total Registers | Total Slices |
+--------------+-----------------------+------------------------+-----------------+--------------+
| No           | No                    | No                     |               6 |            4 |
| No           | No                    | Yes                    |               2 |            1 |
| No           | Yes                   | No                     |              42 |           15 |
| Yes          | No                    | No                     |              30 |            8 |
| Yes          | No                    | Yes                    |            1064 |          455 |
| Yes          | Yes                   | No                     |               4 |            1 |
+--------------+-----------------------+------------------------+-----------------+--------------+


3. Detailed Control Set Information
-----------------------------------

+----------------------------------+--------------------------------+------------------+------------------+----------------+
|           Clock Signal           |          Enable Signal         | Set/Reset Signal | Slice Load Count | Bel Load Count |
+----------------------------------+--------------------------------+------------------+------------------+----------------+
|  clock_IBUF_BUFG                 |                                |                  |                1 |              1 |
|  ff/clka_BUFG                    |                                |                  |                1 |              2 |
|  clock_IBUF_BUFG                 |                                | rst_IBUF         |                1 |              2 |
| ~ff/xlnx_opt_                    |                                |                  |                2 |              3 |
| ~ff/xlnx_opt_                    | ifetch/PC[31]_i_1_n_0          | rst_IBUF         |                1 |              4 |
|  ff/xlnx_opt_                    | ifetch/ledout_reg[23]_1[1]     | rst_IBUF         |                3 |              8 |
|  ff/xlnx_opt_                    | ifetch/ledout_reg[23]_1[0]     | rst_IBUF         |                5 |             16 |
| ~ff/xlnx_opt_                    | ifetch/switchrdata_reg[0]_5[0] | rst_IBUF         |                2 |             16 |
|  ifetch/register_reg[0][15]_3[0] |                                | rst_IBUF         |                6 |             16 |
| ~ff/xlnx_opt_                    |                                | rst_IBUF         |                9 |             26 |
| ~ff/xlnx_opt_                    | ifetch/link_addr[29]_i_1_n_0   |                  |                8 |             30 |
|  ff/xlnx_opt_                    | ifetch/register_reg[19][31][0] | rst_IBUF         |                8 |             32 |
|  ff/xlnx_opt_                    | ifetch/register_reg[20][31][0] | rst_IBUF         |               16 |             32 |
|  ff/xlnx_opt_                    | ifetch/register_reg[21][31][0] | rst_IBUF         |               14 |             32 |
|  ff/xlnx_opt_                    | ifetch/register_reg[1][31][0]  | rst_IBUF         |               11 |             32 |
|  ff/xlnx_opt_                    | ifetch/register_reg[22][31][0] | rst_IBUF         |               14 |             32 |
|  ff/xlnx_opt_                    | ifetch/register_reg[25][31][0] | rst_IBUF         |               14 |             32 |
|  ff/xlnx_opt_                    | ifetch/register_reg[26][31][0] | rst_IBUF         |               13 |             32 |
|  ff/xlnx_opt_                    | ifetch/register_reg[11][31][0] | rst_IBUF         |               12 |             32 |
|  ff/xlnx_opt_                    | ifetch/register_reg[23][31][0] | rst_IBUF         |               16 |             32 |
|  ff/xlnx_opt_                    | ifetch/register_reg[24][31][0] | rst_IBUF         |                9 |             32 |
|  ff/xlnx_opt_                    | ifetch/register_reg[13][31][0] | rst_IBUF         |               14 |             32 |
|  ff/xlnx_opt_                    | ifetch/register_reg[29][31][0] | rst_IBUF         |               12 |             32 |
|  ff/xlnx_opt_                    | ifetch/register_reg[7][31][0]  | rst_IBUF         |               18 |             32 |
|  ff/xlnx_opt_                    | ifetch/register_reg[8][31][0]  | rst_IBUF         |               16 |             32 |
|  ff/xlnx_opt_                    | ifetch/register_reg[30][31][0] | rst_IBUF         |               23 |             32 |
|  ff/xlnx_opt_                    | ifetch/register_reg[28][31][0] | rst_IBUF         |                8 |             32 |
|  ff/xlnx_opt_                    | ifetch/register_reg[5][31][0]  | rst_IBUF         |               17 |             32 |
|  ff/xlnx_opt_                    | ifetch/register_reg[3][31][0]  | rst_IBUF         |               13 |             32 |
|  ff/xlnx_opt_                    | ifetch/register_reg[4][31][0]  | rst_IBUF         |               15 |             32 |
|  ff/xlnx_opt_                    | ifetch/register_reg[31][31][0] | rst_IBUF         |               25 |             32 |
|  ff/xlnx_opt_                    | ifetch/register_reg[9][31][0]  | rst_IBUF         |               19 |             32 |
|  ff/xlnx_opt_                    | ifetch/E[0]                    | rst_IBUF         |               12 |             32 |
|  ff/xlnx_opt_                    | ifetch/register_reg[6][31][0]  | rst_IBUF         |               18 |             32 |
|  ff/xlnx_opt_                    | ifetch/register_reg[2][31][0]  | rst_IBUF         |               12 |             32 |
|  ff/xlnx_opt_                    | ifetch/register_reg[15][31][0] | rst_IBUF         |               16 |             32 |
|  ff/xlnx_opt_                    | ifetch/register_reg[12][31][0] | rst_IBUF         |               13 |             32 |
|  ff/xlnx_opt_                    | ifetch/register_reg[10][31][0] | rst_IBUF         |                9 |             32 |
|  ff/xlnx_opt_                    | ifetch/register_reg[16][31][0] | rst_IBUF         |                9 |             32 |
|  ff/xlnx_opt_                    | ifetch/register_reg[14][31][0] | rst_IBUF         |               18 |             32 |
|  ff/xlnx_opt_                    | ifetch/register_reg[17][31][0] | rst_IBUF         |                7 |             32 |
|  ff/xlnx_opt_                    | ifetch/register_reg[18][31][0] | rst_IBUF         |               11 |             32 |
|  ff/xlnx_opt_                    | ifetch/register_reg[27][31][0] | rst_IBUF         |               13 |             32 |
+----------------------------------+--------------------------------+------------------+------------------+----------------+


+--------+-----------------------+
| Fanout | Number of ControlSets |
+--------+-----------------------+
| 1      |                     1 |
| 2      |                     2 |
| 3      |                     1 |
| 4      |                     1 |
| 8      |                     1 |
| 16+    |                    37 |
+--------+-----------------------+


